<?xml version="1.0" encoding="UTF-8"?>
<testsuite xmlns:xsi="http://www.w3.org/2001/XMLSchema-instance" xsi:noNamespaceSchemaLocation="https://maven.apache.org/surefire/maven-surefire-plugin/xsd/surefire-test-report.xsd" version="3.0.2" name="TestSuite" time="16.122" tests="9" errors="0" skipped="0" failures="0">
  <properties>
    <property name="java.specification.version" value="17"/>
    <property name="sun.cpu.isalist" value="amd64"/>
    <property name="sun.jnu.encoding" value="Cp1252"/>
    <property name="java.class.path" value="D:\Eclipse-23-24\RestAssurePetStoreAutomation\target\test-classes;D:\Eclipse-23-24\RestAssurePetStoreAutomation\target\classes;C:\Users\ssais\.m2\repository\io\rest-assured\rest-assured\5.5.0\rest-assured-5.5.0.jar;C:\Users\ssais\.m2\repository\org\apache\groovy\groovy\4.0.22\groovy-4.0.22.jar;C:\Users\ssais\.m2\repository\org\apache\groovy\groovy-xml\4.0.22\groovy-xml-4.0.22.jar;C:\Users\ssais\.m2\repository\org\apache\httpcomponents\httpclient\4.5.13\httpclient-4.5.13.jar;C:\Users\ssais\.m2\repository\org\apache\httpcomponents\httpcore\4.4.13\httpcore-4.4.13.jar;C:\Users\ssais\.m2\repository\commons-logging\commons-logging\1.2\commons-logging-1.2.jar;C:\Users\ssais\.m2\repository\org\apache\httpcomponents\httpmime\4.5.13\httpmime-4.5.13.jar;C:\Users\ssais\.m2\repository\org\hamcrest\hamcrest\2.2\hamcrest-2.2.jar;C:\Users\ssais\.m2\repository\org\ccil\cowan\tagsoup\tagsoup\1.2.1\tagsoup-1.2.1.jar;C:\Users\ssais\.m2\repository\io\rest-assured\json-path\5.5.0\json-path-5.5.0.jar;C:\Users\ssais\.m2\repository\org\apache\groovy\groovy-json\4.0.22\groovy-json-4.0.22.jar;C:\Users\ssais\.m2\repository\io\rest-assured\rest-assured-common\5.5.0\rest-assured-common-5.5.0.jar;C:\Users\ssais\.m2\repository\org\json\json\20240303\json-20240303.jar;C:\Users\ssais\.m2\repository\com\google\code\gson\gson\2.11.0\gson-2.11.0.jar;C:\Users\ssais\.m2\repository\com\google\errorprone\error_prone_annotations\2.27.0\error_prone_annotations-2.27.0.jar;C:\Users\ssais\.m2\repository\org\testng\testng\7.10.2\testng-7.10.2.jar;C:\Users\ssais\.m2\repository\org\slf4j\slf4j-api\1.7.36\slf4j-api-1.7.36.jar;C:\Users\ssais\.m2\repository\com\beust\jcommander\1.82\jcommander-1.82.jar;C:\Users\ssais\.m2\repository\org\webjars\jquery\3.7.1\jquery-3.7.1.jar;C:\Users\ssais\.m2\repository\com\github\scribejava\scribejava-apis\8.3.3\scribejava-apis-8.3.3.jar;C:\Users\ssais\.m2\repository\com\github\scribejava\scribejava-core\8.3.3\scribejava-core-8.3.3.jar;C:\Users\ssais\.m2\repository\com\github\scribejava\scribejava-java8\8.3.3\scribejava-java8-8.3.3.jar;C:\Users\ssais\.m2\repository\com\fasterxml\jackson\core\jackson-databind\2.14.0\jackson-databind-2.14.0.jar;C:\Users\ssais\.m2\repository\com\fasterxml\jackson\core\jackson-annotations\2.14.0\jackson-annotations-2.14.0.jar;C:\Users\ssais\.m2\repository\com\fasterxml\jackson\core\jackson-core\2.14.0\jackson-core-2.14.0.jar;C:\Users\ssais\.m2\repository\io\rest-assured\json-schema-validator\5.5.0\json-schema-validator-5.5.0.jar;C:\Users\ssais\.m2\repository\com\github\java-json-tools\json-schema-validator\2.2.14\json-schema-validator-2.2.14.jar;C:\Users\ssais\.m2\repository\com\github\java-json-tools\jackson-coreutils-equivalence\1.0\jackson-coreutils-equivalence-1.0.jar;C:\Users\ssais\.m2\repository\com\github\java-json-tools\jackson-coreutils\2.0\jackson-coreutils-2.0.jar;C:\Users\ssais\.m2\repository\com\github\java-json-tools\msg-simple\1.2\msg-simple-1.2.jar;C:\Users\ssais\.m2\repository\com\github\java-json-tools\btf\1.3\btf-1.3.jar;C:\Users\ssais\.m2\repository\com\github\java-json-tools\json-schema-core\1.2.14\json-schema-core-1.2.14.jar;C:\Users\ssais\.m2\repository\com\github\java-json-tools\uri-template\0.10\uri-template-0.10.jar;C:\Users\ssais\.m2\repository\org\mozilla\rhino\1.7.7.2\rhino-1.7.7.2.jar;C:\Users\ssais\.m2\repository\com\sun\mail\mailapi\1.6.2\mailapi-1.6.2.jar;C:\Users\ssais\.m2\repository\joda-time\joda-time\2.10.5\joda-time-2.10.5.jar;C:\Users\ssais\.m2\repository\com\googlecode\libphonenumber\libphonenumber\8.11.1\libphonenumber-8.11.1.jar;C:\Users\ssais\.m2\repository\com\google\code\findbugs\jsr305\3.0.2\jsr305-3.0.2.jar;C:\Users\ssais\.m2\repository\net\sf\jopt-simple\jopt-simple\5.0.4\jopt-simple-5.0.4.jar;C:\Users\ssais\.m2\repository\com\google\guava\guava\33.2.1-jre\guava-33.2.1-jre.jar;C:\Users\ssais\.m2\repository\com\google\guava\failureaccess\1.0.2\failureaccess-1.0.2.jar;C:\Users\ssais\.m2\repository\com\google\guava\listenablefuture\9999.0-empty-to-avoid-conflict-with-guava\listenablefuture-9999.0-empty-to-avoid-conflict-with-guava.jar;C:\Users\ssais\.m2\repository\org\checkerframework\checker-qual\3.42.0\checker-qual-3.42.0.jar;C:\Users\ssais\.m2\repository\com\google\j2objc\j2objc-annotations\3.0.0\j2objc-annotations-3.0.0.jar;C:\Users\ssais\.m2\repository\xml-apis\xml-apis\1.0.b2\xml-apis-1.0.b2.jar;C:\Users\ssais\.m2\repository\io\rest-assured\xml-path\5.5.0\xml-path-5.5.0.jar;C:\Users\ssais\.m2\repository\org\apache\commons\commons-lang3\3.11\commons-lang3-3.11.jar;C:\Users\ssais\.m2\repository\io\rest-assured\rest-assured-all\5.5.0\rest-assured-all-5.5.0.jar;C:\Users\ssais\.m2\repository\com\github\javafaker\javafaker\1.0.2\javafaker-1.0.2.jar;C:\Users\ssais\.m2\repository\org\yaml\snakeyaml\1.23\snakeyaml-1.23-android.jar;C:\Users\ssais\.m2\repository\com\github\mifmif\generex\1.0.2\generex-1.0.2.jar;C:\Users\ssais\.m2\repository\dk\brics\automaton\automaton\1.11-8\automaton-1.11-8.jar;C:\Users\ssais\.m2\repository\com\aventstack\extentreports\5.1.2\extentreports-5.1.2.jar;C:\Users\ssais\.m2\repository\io\reactivex\rxjava3\rxjava\3.1.6\rxjava-3.1.6.jar;C:\Users\ssais\.m2\repository\org\reactivestreams\reactive-streams\1.0.4\reactive-streams-1.0.4.jar;C:\Users\ssais\.m2\repository\org\freemarker\freemarker\2.3.32\freemarker-2.3.32.jar;C:\Users\ssais\.m2\repository\org\projectlombok\lombok\1.18.26\lombok-1.18.26.jar;C:\Users\ssais\.m2\repository\org\apache\poi\poi\5.3.0\poi-5.3.0.jar;C:\Users\ssais\.m2\repository\commons-codec\commons-codec\1.17.0\commons-codec-1.17.0.jar;C:\Users\ssais\.m2\repository\org\apache\commons\commons-collections4\4.4\commons-collections4-4.4.jar;C:\Users\ssais\.m2\repository\org\apache\commons\commons-math3\3.6.1\commons-math3-3.6.1.jar;C:\Users\ssais\.m2\repository\commons-io\commons-io\2.16.1\commons-io-2.16.1.jar;C:\Users\ssais\.m2\repository\com\zaxxer\SparseBitSet\1.3\SparseBitSet-1.3.jar;C:\Users\ssais\.m2\repository\org\apache\poi\poi-ooxml\5.3.0\poi-ooxml-5.3.0.jar;C:\Users\ssais\.m2\repository\org\apache\poi\poi-ooxml-lite\5.3.0\poi-ooxml-lite-5.3.0.jar;C:\Users\ssais\.m2\repository\org\apache\xmlbeans\xmlbeans\5.2.1\xmlbeans-5.2.1.jar;C:\Users\ssais\.m2\repository\org\apache\commons\commons-compress\1.26.2\commons-compress-1.26.2.jar;C:\Users\ssais\.m2\repository\com\github\virtuald\curvesapi\1.08\curvesapi-1.08.jar;C:\Users\ssais\.m2\repository\org\apache\logging\log4j\log4j-api\2.23.1\log4j-api-2.23.1.jar;C:\Users\ssais\.m2\repository\org\apache\logging\log4j\log4j-core\2.23.1\log4j-core-2.23.1.jar;"/>
    <property name="java.vm.vendor" value="Oracle Corporation"/>
    <property name="sun.arch.data.model" value="64"/>
    <property name="user.variant" value=""/>
    <property name="java.vendor.url" value="https://java.oracle.com/"/>
    <property name="user.timezone" value="Asia/Calcutta"/>
    <property name="os.name" value="Windows 11"/>
    <property name="java.vm.specification.version" value="17"/>
    <property name="sun.java.launcher" value="SUN_STANDARD"/>
    <property name="user.country" value="US"/>
    <property name="sun.boot.library.path" value="C:\Program Files\Java\jdk-17\bin"/>
    <property name="sun.java.command" value="C:\Users\ssais\AppData\Local\Temp\surefire15626992287729914669\surefirebooter-20240806150750026_3.jar C:\Users\ssais\AppData\Local\Temp\surefire15626992287729914669 2024-08-06T15-07-49_796-jvmRun1 surefire-20240806150750026_1tmp surefire_0-20240806150750026_2tmp"/>
    <property name="jdk.debug" value="release"/>
    <property name="surefire.test.class.path" value="D:\Eclipse-23-24\RestAssurePetStoreAutomation\target\test-classes;D:\Eclipse-23-24\RestAssurePetStoreAutomation\target\classes;C:\Users\ssais\.m2\repository\io\rest-assured\rest-assured\5.5.0\rest-assured-5.5.0.jar;C:\Users\ssais\.m2\repository\org\apache\groovy\groovy\4.0.22\groovy-4.0.22.jar;C:\Users\ssais\.m2\repository\org\apache\groovy\groovy-xml\4.0.22\groovy-xml-4.0.22.jar;C:\Users\ssais\.m2\repository\org\apache\httpcomponents\httpclient\4.5.13\httpclient-4.5.13.jar;C:\Users\ssais\.m2\repository\org\apache\httpcomponents\httpcore\4.4.13\httpcore-4.4.13.jar;C:\Users\ssais\.m2\repository\commons-logging\commons-logging\1.2\commons-logging-1.2.jar;C:\Users\ssais\.m2\repository\org\apache\httpcomponents\httpmime\4.5.13\httpmime-4.5.13.jar;C:\Users\ssais\.m2\repository\org\hamcrest\hamcrest\2.2\hamcrest-2.2.jar;C:\Users\ssais\.m2\repository\org\ccil\cowan\tagsoup\tagsoup\1.2.1\tagsoup-1.2.1.jar;C:\Users\ssais\.m2\repository\io\rest-assured\json-path\5.5.0\json-path-5.5.0.jar;C:\Users\ssais\.m2\repository\org\apache\groovy\groovy-json\4.0.22\groovy-json-4.0.22.jar;C:\Users\ssais\.m2\repository\io\rest-assured\rest-assured-common\5.5.0\rest-assured-common-5.5.0.jar;C:\Users\ssais\.m2\repository\org\json\json\20240303\json-20240303.jar;C:\Users\ssais\.m2\repository\com\google\code\gson\gson\2.11.0\gson-2.11.0.jar;C:\Users\ssais\.m2\repository\com\google\errorprone\error_prone_annotations\2.27.0\error_prone_annotations-2.27.0.jar;C:\Users\ssais\.m2\repository\org\testng\testng\7.10.2\testng-7.10.2.jar;C:\Users\ssais\.m2\repository\org\slf4j\slf4j-api\1.7.36\slf4j-api-1.7.36.jar;C:\Users\ssais\.m2\repository\com\beust\jcommander\1.82\jcommander-1.82.jar;C:\Users\ssais\.m2\repository\org\webjars\jquery\3.7.1\jquery-3.7.1.jar;C:\Users\ssais\.m2\repository\com\github\scribejava\scribejava-apis\8.3.3\scribejava-apis-8.3.3.jar;C:\Users\ssais\.m2\repository\com\github\scribejava\scribejava-core\8.3.3\scribejava-core-8.3.3.jar;C:\Users\ssais\.m2\repository\com\github\scribejava\scribejava-java8\8.3.3\scribejava-java8-8.3.3.jar;C:\Users\ssais\.m2\repository\com\fasterxml\jackson\core\jackson-databind\2.14.0\jackson-databind-2.14.0.jar;C:\Users\ssais\.m2\repository\com\fasterxml\jackson\core\jackson-annotations\2.14.0\jackson-annotations-2.14.0.jar;C:\Users\ssais\.m2\repository\com\fasterxml\jackson\core\jackson-core\2.14.0\jackson-core-2.14.0.jar;C:\Users\ssais\.m2\repository\io\rest-assured\json-schema-validator\5.5.0\json-schema-validator-5.5.0.jar;C:\Users\ssais\.m2\repository\com\github\java-json-tools\json-schema-validator\2.2.14\json-schema-validator-2.2.14.jar;C:\Users\ssais\.m2\repository\com\github\java-json-tools\jackson-coreutils-equivalence\1.0\jackson-coreutils-equivalence-1.0.jar;C:\Users\ssais\.m2\repository\com\github\java-json-tools\jackson-coreutils\2.0\jackson-coreutils-2.0.jar;C:\Users\ssais\.m2\repository\com\github\java-json-tools\msg-simple\1.2\msg-simple-1.2.jar;C:\Users\ssais\.m2\repository\com\github\java-json-tools\btf\1.3\btf-1.3.jar;C:\Users\ssais\.m2\repository\com\github\java-json-tools\json-schema-core\1.2.14\json-schema-core-1.2.14.jar;C:\Users\ssais\.m2\repository\com\github\java-json-tools\uri-template\0.10\uri-template-0.10.jar;C:\Users\ssais\.m2\repository\org\mozilla\rhino\1.7.7.2\rhino-1.7.7.2.jar;C:\Users\ssais\.m2\repository\com\sun\mail\mailapi\1.6.2\mailapi-1.6.2.jar;C:\Users\ssais\.m2\repository\joda-time\joda-time\2.10.5\joda-time-2.10.5.jar;C:\Users\ssais\.m2\repository\com\googlecode\libphonenumber\libphonenumber\8.11.1\libphonenumber-8.11.1.jar;C:\Users\ssais\.m2\repository\com\google\code\findbugs\jsr305\3.0.2\jsr305-3.0.2.jar;C:\Users\ssais\.m2\repository\net\sf\jopt-simple\jopt-simple\5.0.4\jopt-simple-5.0.4.jar;C:\Users\ssais\.m2\repository\com\google\guava\guava\33.2.1-jre\guava-33.2.1-jre.jar;C:\Users\ssais\.m2\repository\com\google\guava\failureaccess\1.0.2\failureaccess-1.0.2.jar;C:\Users\ssais\.m2\repository\com\google\guava\listenablefuture\9999.0-empty-to-avoid-conflict-with-guava\listenablefuture-9999.0-empty-to-avoid-conflict-with-guava.jar;C:\Users\ssais\.m2\repository\org\checkerframework\checker-qual\3.42.0\checker-qual-3.42.0.jar;C:\Users\ssais\.m2\repository\com\google\j2objc\j2objc-annotations\3.0.0\j2objc-annotations-3.0.0.jar;C:\Users\ssais\.m2\repository\xml-apis\xml-apis\1.0.b2\xml-apis-1.0.b2.jar;C:\Users\ssais\.m2\repository\io\rest-assured\xml-path\5.5.0\xml-path-5.5.0.jar;C:\Users\ssais\.m2\repository\org\apache\commons\commons-lang3\3.11\commons-lang3-3.11.jar;C:\Users\ssais\.m2\repository\io\rest-assured\rest-assured-all\5.5.0\rest-assured-all-5.5.0.jar;C:\Users\ssais\.m2\repository\com\github\javafaker\javafaker\1.0.2\javafaker-1.0.2.jar;C:\Users\ssais\.m2\repository\org\yaml\snakeyaml\1.23\snakeyaml-1.23-android.jar;C:\Users\ssais\.m2\repository\com\github\mifmif\generex\1.0.2\generex-1.0.2.jar;C:\Users\ssais\.m2\repository\dk\brics\automaton\automaton\1.11-8\automaton-1.11-8.jar;C:\Users\ssais\.m2\repository\com\aventstack\extentreports\5.1.2\extentreports-5.1.2.jar;C:\Users\ssais\.m2\repository\io\reactivex\rxjava3\rxjava\3.1.6\rxjava-3.1.6.jar;C:\Users\ssais\.m2\repository\org\reactivestreams\reactive-streams\1.0.4\reactive-streams-1.0.4.jar;C:\Users\ssais\.m2\repository\org\freemarker\freemarker\2.3.32\freemarker-2.3.32.jar;C:\Users\ssais\.m2\repository\org\projectlombok\lombok\1.18.26\lombok-1.18.26.jar;C:\Users\ssais\.m2\repository\org\apache\poi\poi\5.3.0\poi-5.3.0.jar;C:\Users\ssais\.m2\repository\commons-codec\commons-codec\1.17.0\commons-codec-1.17.0.jar;C:\Users\ssais\.m2\repository\org\apache\commons\commons-collections4\4.4\commons-collections4-4.4.jar;C:\Users\ssais\.m2\repository\org\apache\commons\commons-math3\3.6.1\commons-math3-3.6.1.jar;C:\Users\ssais\.m2\repository\commons-io\commons-io\2.16.1\commons-io-2.16.1.jar;C:\Users\ssais\.m2\repository\com\zaxxer\SparseBitSet\1.3\SparseBitSet-1.3.jar;C:\Users\ssais\.m2\repository\org\apache\poi\poi-ooxml\5.3.0\poi-ooxml-5.3.0.jar;C:\Users\ssais\.m2\repository\org\apache\poi\poi-ooxml-lite\5.3.0\poi-ooxml-lite-5.3.0.jar;C:\Users\ssais\.m2\repository\org\apache\xmlbeans\xmlbeans\5.2.1\xmlbeans-5.2.1.jar;C:\Users\ssais\.m2\repository\org\apache\commons\commons-compress\1.26.2\commons-compress-1.26.2.jar;C:\Users\ssais\.m2\repository\com\github\virtuald\curvesapi\1.08\curvesapi-1.08.jar;C:\Users\ssais\.m2\repository\org\apache\logging\log4j\log4j-api\2.23.1\log4j-api-2.23.1.jar;C:\Users\ssais\.m2\repository\org\apache\logging\log4j\log4j-core\2.23.1\log4j-core-2.23.1.jar;"/>
    <property name="sun.cpu.endian" value="little"/>
    <property name="user.home" value="C:\Users\ssais"/>
    <property name="user.language" value="en"/>
    <property name="java.specification.vendor" value="Oracle Corporation"/>
    <property name="java.version.date" value="2024-04-16"/>
    <property name="java.home" value="C:\Program Files\Java\jdk-17"/>
    <property name="file.separator" value="\"/>
    <property name="basedir" value="D:\Eclipse-23-24\RestAssurePetStoreAutomation"/>
    <property name="java.vm.compressedOopsMode" value="32-bit"/>
    <property name="line.separator" value="&#10;"/>
    <property name="java.vm.specification.vendor" value="Oracle Corporation"/>
    <property name="java.specification.name" value="Java Platform API Specification"/>
    <property name="surefire.real.class.path" value="C:\Users\ssais\AppData\Local\Temp\surefire15626992287729914669\surefirebooter-20240806150750026_3.jar"/>
    <property name="user.script" value=""/>
    <property name="sun.management.compiler" value="HotSpot 64-Bit Tiered Compilers"/>
    <property name="java.runtime.version" value="17.0.11+7-LTS-207"/>
    <property name="user.name" value="ssais"/>
    <property name="path.separator" value=";"/>
    <property name="os.version" value="10.0"/>
    <property name="java.runtime.name" value="Java(TM) SE Runtime Environment"/>
    <property name="file.encoding" value="Cp1252"/>
    <property name="java.vm.name" value="Java HotSpot(TM) 64-Bit Server VM"/>
    <property name="localRepository" value="C:\Users\ssais\.m2\repository"/>
    <property name="java.vendor.url.bug" value="https://bugreport.java.com/bugreport/"/>
    <property name="java.io.tmpdir" value="C:\Users\ssais\AppData\Local\Temp\"/>
    <property name="java.version" value="17.0.11"/>
    <property name="user.dir" value="D:\Eclipse-23-24\RestAssurePetStoreAutomation"/>
    <property name="os.arch" value="amd64"/>
    <property name="java.vm.specification.name" value="Java Virtual Machine Specification"/>
    <property name="sun.os.patch.level" value=""/>
    <property name="native.encoding" value="Cp1252"/>
    <property name="java.library.path" value="C:\Program Files\Java\jdk-17\bin;C:\WINDOWS\Sun\Java\bin;C:\WINDOWS\system32;C:\WINDOWS;C:\Python312\Scripts\;C:\Python312\;C:\Program Files\Common Files\Oracle\Java\javapath;C:\Program Files (x86)\Intel\iCLS Client\;C:\Program Files\Intel\iCLS Client\;C:\WINDOWS\system32;C:\WINDOWS;C:\WINDOWS\System32\Wbem;C:\WINDOWS\System32\WindowsPowerShell\v1.0\;C:\WINDOWS\System32\OpenSSH\;C:\Program Files (x86)\Intel\Intel(R) Management Engine Components\DAL;C:\Program Files\Intel\Intel(R) Management Engine Components\DAL;C:\Program Files (x86)\Intel\Intel(R) Management Engine Components\IPT;C:\Program Files\Intel\Intel(R) Management Engine Components\IPT;C:\Program Files\Intel\WiFi\bin\;C:\Program Files\Common Files\Intel\WirelessCommon\;D:\Apache Maven\apache-maven-3.9.8-bin\apache-maven-3.9.8\bin;C:\Program Files\Git\cmd;C:\Program Files\nodejs\;C:\ProgramData\chocolatey\bin;C:\Program Files\nodejs\node_modules;C:\Users\ssais\AppData\Local\Microsoft\WindowsApps;C:\Users\ssais\AppData\Local\GitHubDesktop\bin;C:\Users\ssais\AppData\Local\Microsoft\WinGet\Links;C:\Users\ssais\AppData\Roaming\npm;."/>
    <property name="java.vm.info" value="mixed mode, sharing"/>
    <property name="java.vendor" value="Oracle Corporation"/>
    <property name="java.vm.version" value="17.0.11+7-LTS-207"/>
    <property name="sun.io.unicode.encoding" value="UnicodeLittle"/>
    <property name="java.class.version" value="61.0"/>
  </properties>
  <testcase name="testPostPetData[101, 10145, carnivorus, Tiger, tigerinjungle, tigerin zoo, 1010, tiger1010, alive](1)" classname="api.test.PetDataDrivenTest" time="3.063">
    <system-out><![CDATA[[DEBUG] 2024-08-06 15:07:51,660 PackageRelationshipCollection.parseRelationshipsPart() - Parsing relationship: /xl/_rels/workbook.xml.rels
[DEBUG] 2024-08-06 15:07:51,676 PackageRelationshipCollection.parseRelationshipsPart() - Parsing relationship: /xl/worksheets/_rels/sheet1.xml.rels
[DEBUG] 2024-08-06 15:07:51,676 PackageRelationshipCollection.parseRelationshipsPart() - Parsing relationship: /_rels/.rels
rownumber 3
[DEBUG] 2024-08-06 15:07:52,326 PackageRelationshipCollection.parseRelationshipsPart() - Parsing relationship: /xl/_rels/workbook.xml.rels
[DEBUG] 2024-08-06 15:07:52,326 PackageRelationshipCollection.parseRelationshipsPart() - Parsing relationship: /xl/worksheets/_rels/sheet1.xml.rels
[DEBUG] 2024-08-06 15:07:52,326 PackageRelationshipCollection.parseRelationshipsPart() - Parsing relationship: /_rels/.rels
cellnumber 8
[DEBUG] 2024-08-06 15:07:52,374 PackageRelationshipCollection.parseRelationshipsPart() - Parsing relationship: /xl/_rels/workbook.xml.rels
[DEBUG] 2024-08-06 15:07:52,374 PackageRelationshipCollection.parseRelationshipsPart() - Parsing relationship: /xl/worksheets/_rels/sheet1.xml.rels
[DEBUG] 2024-08-06 15:07:52,374 PackageRelationshipCollection.parseRelationshipsPart() - Parsing relationship: /_rels/.rels
101
[DEBUG] 2024-08-06 15:07:52,437 PackageRelationshipCollection.parseRelationshipsPart() - Parsing relationship: /xl/_rels/workbook.xml.rels
[DEBUG] 2024-08-06 15:07:52,437 PackageRelationshipCollection.parseRelationshipsPart() - Parsing relationship: /xl/worksheets/_rels/sheet1.xml.rels
[DEBUG] 2024-08-06 15:07:52,437 PackageRelationshipCollection.parseRelationshipsPart() - Parsing relationship: /_rels/.rels
10145
[DEBUG] 2024-08-06 15:07:52,485 PackageRelationshipCollection.parseRelationshipsPart() - Parsing relationship: /xl/_rels/workbook.xml.rels
[DEBUG] 2024-08-06 15:07:52,485 PackageRelationshipCollection.parseRelationshipsPart() - Parsing relationship: /xl/worksheets/_rels/sheet1.xml.rels
[DEBUG] 2024-08-06 15:07:52,485 PackageRelationshipCollection.parseRelationshipsPart() - Parsing relationship: /_rels/.rels
carnivorus
[DEBUG] 2024-08-06 15:07:52,516 PackageRelationshipCollection.parseRelationshipsPart() - Parsing relationship: /xl/_rels/workbook.xml.rels
[DEBUG] 2024-08-06 15:07:52,516 PackageRelationshipCollection.parseRelationshipsPart() - Parsing relationship: /xl/worksheets/_rels/sheet1.xml.rels
[DEBUG] 2024-08-06 15:07:52,532 PackageRelationshipCollection.parseRelationshipsPart() - Parsing relationship: /_rels/.rels
Tiger
[DEBUG] 2024-08-06 15:07:52,564 PackageRelationshipCollection.parseRelationshipsPart() - Parsing relationship: /xl/_rels/workbook.xml.rels
[DEBUG] 2024-08-06 15:07:52,564 PackageRelationshipCollection.parseRelationshipsPart() - Parsing relationship: /xl/worksheets/_rels/sheet1.xml.rels
[DEBUG] 2024-08-06 15:07:52,564 PackageRelationshipCollection.parseRelationshipsPart() - Parsing relationship: /_rels/.rels
tigerinjungle, tigerin zoo
[DEBUG] 2024-08-06 15:07:52,611 PackageRelationshipCollection.parseRelationshipsPart() - Parsing relationship: /xl/_rels/workbook.xml.rels
[DEBUG] 2024-08-06 15:07:52,611 PackageRelationshipCollection.parseRelationshipsPart() - Parsing relationship: /xl/worksheets/_rels/sheet1.xml.rels
[DEBUG] 2024-08-06 15:07:52,611 PackageRelationshipCollection.parseRelationshipsPart() - Parsing relationship: /_rels/.rels
1010
[DEBUG] 2024-08-06 15:07:52,643 PackageRelationshipCollection.parseRelationshipsPart() - Parsing relationship: /xl/_rels/workbook.xml.rels
[DEBUG] 2024-08-06 15:07:52,643 PackageRelationshipCollection.parseRelationshipsPart() - Parsing relationship: /xl/worksheets/_rels/sheet1.xml.rels
[DEBUG] 2024-08-06 15:07:52,660 PackageRelationshipCollection.parseRelationshipsPart() - Parsing relationship: /_rels/.rels
tiger1010
[DEBUG] 2024-08-06 15:07:52,690 PackageRelationshipCollection.parseRelationshipsPart() - Parsing relationship: /xl/_rels/workbook.xml.rels
[DEBUG] 2024-08-06 15:07:52,690 PackageRelationshipCollection.parseRelationshipsPart() - Parsing relationship: /xl/worksheets/_rels/sheet1.xml.rels
[DEBUG] 2024-08-06 15:07:52,690 PackageRelationshipCollection.parseRelationshipsPart() - Parsing relationship: /_rels/.rels
alive
[DEBUG] 2024-08-06 15:07:52,722 PackageRelationshipCollection.parseRelationshipsPart() - Parsing relationship: /xl/_rels/workbook.xml.rels
[DEBUG] 2024-08-06 15:07:52,722 PackageRelationshipCollection.parseRelationshipsPart() - Parsing relationship: /xl/worksheets/_rels/sheet1.xml.rels
[DEBUG] 2024-08-06 15:07:52,722 PackageRelationshipCollection.parseRelationshipsPart() - Parsing relationship: /_rels/.rels
102
[DEBUG] 2024-08-06 15:07:52,754 PackageRelationshipCollection.parseRelationshipsPart() - Parsing relationship: /xl/_rels/workbook.xml.rels
[DEBUG] 2024-08-06 15:07:52,754 PackageRelationshipCollection.parseRelationshipsPart() - Parsing relationship: /xl/worksheets/_rels/sheet1.xml.rels
[DEBUG] 2024-08-06 15:07:52,754 PackageRelationshipCollection.parseRelationshipsPart() - Parsing relationship: /_rels/.rels
2457
[DEBUG] 2024-08-06 15:07:52,770 PackageRelationshipCollection.parseRelationshipsPart() - Parsing relationship: /xl/_rels/workbook.xml.rels
[DEBUG] 2024-08-06 15:07:52,785 PackageRelationshipCollection.parseRelationshipsPart() - Parsing relationship: /xl/worksheets/_rels/sheet1.xml.rels
[DEBUG] 2024-08-06 15:07:52,785 PackageRelationshipCollection.parseRelationshipsPart() - Parsing relationship: /_rels/.rels
omnivorus
[DEBUG] 2024-08-06 15:07:52,801 PackageRelationshipCollection.parseRelationshipsPart() - Parsing relationship: /xl/_rels/workbook.xml.rels
[DEBUG] 2024-08-06 15:07:52,801 PackageRelationshipCollection.parseRelationshipsPart() - Parsing relationship: /xl/worksheets/_rels/sheet1.xml.rels
[DEBUG] 2024-08-06 15:07:52,801 PackageRelationshipCollection.parseRelationshipsPart() - Parsing relationship: /_rels/.rels
snake
[DEBUG] 2024-08-06 15:07:52,833 PackageRelationshipCollection.parseRelationshipsPart() - Parsing relationship: /xl/_rels/workbook.xml.rels
[DEBUG] 2024-08-06 15:07:52,833 PackageRelationshipCollection.parseRelationshipsPart() - Parsing relationship: /xl/worksheets/_rels/sheet1.xml.rels
[DEBUG] 2024-08-06 15:07:52,833 PackageRelationshipCollection.parseRelationshipsPart() - Parsing relationship: /_rels/.rels
snake in tum, snale in road
[DEBUG] 2024-08-06 15:07:52,849 PackageRelationshipCollection.parseRelationshipsPart() - Parsing relationship: /xl/_rels/workbook.xml.rels
[DEBUG] 2024-08-06 15:07:52,849 PackageRelationshipCollection.parseRelationshipsPart() - Parsing relationship: /xl/worksheets/_rels/sheet1.xml.rels
[DEBUG] 2024-08-06 15:07:52,849 PackageRelationshipCollection.parseRelationshipsPart() - Parsing relationship: /_rels/.rels
1020
[DEBUG] 2024-08-06 15:07:52,880 PackageRelationshipCollection.parseRelationshipsPart() - Parsing relationship: /xl/_rels/workbook.xml.rels
[DEBUG] 2024-08-06 15:07:52,880 PackageRelationshipCollection.parseRelationshipsPart() - Parsing relationship: /xl/worksheets/_rels/sheet1.xml.rels
[DEBUG] 2024-08-06 15:07:52,880 PackageRelationshipCollection.parseRelationshipsPart() - Parsing relationship: /_rels/.rels
snake1020
[DEBUG] 2024-08-06 15:07:52,912 PackageRelationshipCollection.parseRelationshipsPart() - Parsing relationship: /xl/_rels/workbook.xml.rels
[DEBUG] 2024-08-06 15:07:52,912 PackageRelationshipCollection.parseRelationshipsPart() - Parsing relationship: /xl/worksheets/_rels/sheet1.xml.rels
[DEBUG] 2024-08-06 15:07:52,912 PackageRelationshipCollection.parseRelationshipsPart() - Parsing relationship: /_rels/.rels
dead
[DEBUG] 2024-08-06 15:07:52,944 PackageRelationshipCollection.parseRelationshipsPart() - Parsing relationship: /xl/_rels/workbook.xml.rels
[DEBUG] 2024-08-06 15:07:52,944 PackageRelationshipCollection.parseRelationshipsPart() - Parsing relationship: /xl/worksheets/_rels/sheet1.xml.rels
[DEBUG] 2024-08-06 15:07:52,944 PackageRelationshipCollection.parseRelationshipsPart() - Parsing relationship: /_rels/.rels
103
[DEBUG] 2024-08-06 15:07:52,959 PackageRelationshipCollection.parseRelationshipsPart() - Parsing relationship: /xl/_rels/workbook.xml.rels
[DEBUG] 2024-08-06 15:07:52,959 PackageRelationshipCollection.parseRelationshipsPart() - Parsing relationship: /xl/worksheets/_rels/sheet1.xml.rels
[DEBUG] 2024-08-06 15:07:52,959 PackageRelationshipCollection.parseRelationshipsPart() - Parsing relationship: /_rels/.rels
10310
[DEBUG] 2024-08-06 15:07:52,991 PackageRelationshipCollection.parseRelationshipsPart() - Parsing relationship: /xl/_rels/workbook.xml.rels
[DEBUG] 2024-08-06 15:07:52,991 PackageRelationshipCollection.parseRelationshipsPart() - Parsing relationship: /xl/worksheets/_rels/sheet1.xml.rels
[DEBUG] 2024-08-06 15:07:52,991 PackageRelationshipCollection.parseRelationshipsPart() - Parsing relationship: /_rels/.rels
herbiorus
[DEBUG] 2024-08-06 15:07:53,022 PackageRelationshipCollection.parseRelationshipsPart() - Parsing relationship: /xl/_rels/workbook.xml.rels
[DEBUG] 2024-08-06 15:07:53,022 PackageRelationshipCollection.parseRelationshipsPart() - Parsing relationship: /xl/worksheets/_rels/sheet1.xml.rels
[DEBUG] 2024-08-06 15:07:53,022 PackageRelationshipCollection.parseRelationshipsPart() - Parsing relationship: /_rels/.rels
horse
[DEBUG] 2024-08-06 15:07:53,038 PackageRelationshipCollection.parseRelationshipsPart() - Parsing relationship: /xl/_rels/workbook.xml.rels
[DEBUG] 2024-08-06 15:07:53,038 PackageRelationshipCollection.parseRelationshipsPart() - Parsing relationship: /xl/worksheets/_rels/sheet1.xml.rels
[DEBUG] 2024-08-06 15:07:53,038 PackageRelationshipCollection.parseRelationshipsPart() - Parsing relationship: /_rels/.rels
horse in field, horse in race
[DEBUG] 2024-08-06 15:07:53,070 PackageRelationshipCollection.parseRelationshipsPart() - Parsing relationship: /xl/_rels/workbook.xml.rels
[DEBUG] 2024-08-06 15:07:53,070 PackageRelationshipCollection.parseRelationshipsPart() - Parsing relationship: /xl/worksheets/_rels/sheet1.xml.rels
[DEBUG] 2024-08-06 15:07:53,070 PackageRelationshipCollection.parseRelationshipsPart() - Parsing relationship: /_rels/.rels
1030
[DEBUG] 2024-08-06 15:07:53,086 PackageRelationshipCollection.parseRelationshipsPart() - Parsing relationship: /xl/_rels/workbook.xml.rels
[DEBUG] 2024-08-06 15:07:53,102 PackageRelationshipCollection.parseRelationshipsPart() - Parsing relationship: /xl/worksheets/_rels/sheet1.xml.rels
[DEBUG] 2024-08-06 15:07:53,102 PackageRelationshipCollection.parseRelationshipsPart() - Parsing relationship: /_rels/.rels
horse1030
[DEBUG] 2024-08-06 15:07:53,118 PackageRelationshipCollection.parseRelationshipsPart() - Parsing relationship: /xl/_rels/workbook.xml.rels
[DEBUG] 2024-08-06 15:07:53,118 PackageRelationshipCollection.parseRelationshipsPart() - Parsing relationship: /xl/worksheets/_rels/sheet1.xml.rels
[DEBUG] 2024-08-06 15:07:53,118 PackageRelationshipCollection.parseRelationshipsPart() - Parsing relationship: /_rels/.rels
alive
HTTP/1.1 200 OK
Date: Tue, 06 Aug 2024 09:37:56 GMT
Content-Type: application/json
Transfer-Encoding: chunked
Connection: keep-alive
Access-Control-Allow-Origin: *
Access-Control-Allow-Methods: GET, POST, DELETE, PUT
Access-Control-Allow-Headers: Content-Type, api_key, Authorization
Server: Jetty(9.2.9.v20150224)

{
    "id": 101,
    "category": {
        "id": 10145,
        "name": "carnivorus"
    },
    "name": "Tiger",
    "photoUrls": [
        "tigerinjungle",
        "tigerin zoo"
    ],
    "tags": [
        {
            "id": 1010,
            "name": "tiger1010"
        }
    ],
    "status": "alive"
}
]]></system-out>
    <system-err><![CDATA[SLF4J: Failed to load class "org.slf4j.impl.StaticLoggerBinder".
SLF4J: Defaulting to no-operation (NOP) logger implementation
SLF4J: See http://www.slf4j.org/codes.html#StaticLoggerBinder for further details.
]]></system-err>
  </testcase>
  <testcase name="testPostPetData[102, 2457, omnivorus, snake, snake in tum, snale in road, 1020, snake1020, dead](2)" classname="api.test.PetDataDrivenTest" time="1.157">
    <system-out><![CDATA[HTTP/1.1 200 OK
Date: Tue, 06 Aug 2024 09:37:57 GMT
Content-Type: application/json
Transfer-Encoding: chunked
Connection: keep-alive
Access-Control-Allow-Origin: *
Access-Control-Allow-Methods: GET, POST, DELETE, PUT
Access-Control-Allow-Headers: Content-Type, api_key, Authorization
Server: Jetty(9.2.9.v20150224)

{
    "id": 102,
    "category": {
        "id": 2457,
        "name": "omnivorus"
    },
    "name": "snake",
    "photoUrls": [
        "snake in tum",
        "snale in road"
    ],
    "tags": [
        {
            "id": 1020,
            "name": "snake1020"
        }
    ],
    "status": "dead"
}
]]></system-out>
  </testcase>
  <testcase name="testPostPetData[103, 10310, herbiorus, horse, horse in field, horse in race, 1030, horse1030, alive](3)" classname="api.test.PetDataDrivenTest" time="1.204">
    <system-out><![CDATA[HTTP/1.1 200 OK
Date: Tue, 06 Aug 2024 09:37:58 GMT
Content-Type: application/json
Transfer-Encoding: chunked
Connection: keep-alive
Access-Control-Allow-Origin: *
Access-Control-Allow-Methods: GET, POST, DELETE, PUT
Access-Control-Allow-Headers: Content-Type, api_key, Authorization
Server: Jetty(9.2.9.v20150224)

{
    "id": 103,
    "category": {
        "id": 10310,
        "name": "herbiorus"
    },
    "name": "horse",
    "photoUrls": [
        "horse in field",
        "horse in race"
    ],
    "tags": [
        {
            "id": 1030,
            "name": "horse1030"
        }
    ],
    "status": "alive"
}
]]></system-out>
  </testcase>
  <testcase name="testGetPetById[101](1)" classname="api.test.PetDataDrivenTest" time="1.221">
    <system-out><![CDATA[[DEBUG] 2024-08-06 15:07:58,605 PackageRelationshipCollection.parseRelationshipsPart() - Parsing relationship: /xl/_rels/workbook.xml.rels
[DEBUG] 2024-08-06 15:07:58,605 PackageRelationshipCollection.parseRelationshipsPart() - Parsing relationship: /xl/worksheets/_rels/sheet1.xml.rels
[DEBUG] 2024-08-06 15:07:58,605 PackageRelationshipCollection.parseRelationshipsPart() - Parsing relationship: /_rels/.rels
rownumber 3
[DEBUG] 2024-08-06 15:07:58,637 PackageRelationshipCollection.parseRelationshipsPart() - Parsing relationship: /xl/_rels/workbook.xml.rels
[DEBUG] 2024-08-06 15:07:58,637 PackageRelationshipCollection.parseRelationshipsPart() - Parsing relationship: /xl/worksheets/_rels/sheet1.xml.rels
[DEBUG] 2024-08-06 15:07:58,637 PackageRelationshipCollection.parseRelationshipsPart() - Parsing relationship: /_rels/.rels
[DEBUG] 2024-08-06 15:07:58,668 PackageRelationshipCollection.parseRelationshipsPart() - Parsing relationship: /xl/_rels/workbook.xml.rels
[DEBUG] 2024-08-06 15:07:58,668 PackageRelationshipCollection.parseRelationshipsPart() - Parsing relationship: /xl/worksheets/_rels/sheet1.xml.rels
[DEBUG] 2024-08-06 15:07:58,668 PackageRelationshipCollection.parseRelationshipsPart() - Parsing relationship: /_rels/.rels
[DEBUG] 2024-08-06 15:07:58,684 PackageRelationshipCollection.parseRelationshipsPart() - Parsing relationship: /xl/_rels/workbook.xml.rels
[DEBUG] 2024-08-06 15:07:58,684 PackageRelationshipCollection.parseRelationshipsPart() - Parsing relationship: /xl/worksheets/_rels/sheet1.xml.rels
[DEBUG] 2024-08-06 15:07:58,684 PackageRelationshipCollection.parseRelationshipsPart() - Parsing relationship: /_rels/.rels
HTTP/1.1 200 OK
Date: Tue, 06 Aug 2024 09:37:59 GMT
Content-Type: application/json
Transfer-Encoding: chunked
Connection: keep-alive
Access-Control-Allow-Origin: *
Access-Control-Allow-Methods: GET, POST, DELETE, PUT
Access-Control-Allow-Headers: Content-Type, api_key, Authorization
Server: Jetty(9.2.9.v20150224)

{
    "id": 101,
    "category": {
        "id": 10145,
        "name": "carnivorus"
    },
    "name": "Tiger",
    "photoUrls": [
        "tigerinjungle",
        "tigerin zoo"
    ],
    "tags": [
        {
            "id": 1010,
            "name": "tiger1010"
        }
    ],
    "status": "alive"
}
]]></system-out>
  </testcase>
  <testcase name="testGetPetById[102](2)" classname="api.test.PetDataDrivenTest" time="1.141">
    <system-out><![CDATA[HTTP/1.1 200 OK
Date: Tue, 06 Aug 2024 09:38:01 GMT
Content-Type: application/json
Transfer-Encoding: chunked
Connection: keep-alive
Access-Control-Allow-Origin: *
Access-Control-Allow-Methods: GET, POST, DELETE, PUT
Access-Control-Allow-Headers: Content-Type, api_key, Authorization
Server: Jetty(9.2.9.v20150224)

{
    "id": 102,
    "category": {
        "id": 2457,
        "name": "omnivorus"
    },
    "name": "snake",
    "photoUrls": [
        "snake in tum",
        "snale in road"
    ],
    "tags": [
        {
            "id": 1020,
            "name": "snake1020"
        }
    ],
    "status": "dead"
}
]]></system-out>
  </testcase>
  <testcase name="testGetPetById[103](3)" classname="api.test.PetDataDrivenTest" time="1.261">
    <system-out><![CDATA[HTTP/1.1 200 OK
Date: Tue, 06 Aug 2024 09:38:02 GMT
Content-Type: application/json
Transfer-Encoding: chunked
Connection: keep-alive
Access-Control-Allow-Origin: *
Access-Control-Allow-Methods: GET, POST, DELETE, PUT
Access-Control-Allow-Headers: Content-Type, api_key, Authorization
Server: Jetty(9.2.9.v20150224)

{
    "id": 103,
    "category": {
        "id": 10310,
        "name": "herbiorus"
    },
    "name": "horse",
    "photoUrls": [
        "horse in field",
        "horse in race"
    ],
    "tags": [
        {
            "id": 1030,
            "name": "horse1030"
        }
    ],
    "status": "alive"
}
]]></system-out>
  </testcase>
  <testcase name="testDeletePetById[101](1)" classname="api.test.PetDataDrivenTest" time="1.204">
    <system-out><![CDATA[[DEBUG] 2024-08-06 15:08:02,323 PackageRelationshipCollection.parseRelationshipsPart() - Parsing relationship: /xl/_rels/workbook.xml.rels
[DEBUG] 2024-08-06 15:08:02,323 PackageRelationshipCollection.parseRelationshipsPart() - Parsing relationship: /xl/worksheets/_rels/sheet1.xml.rels
[DEBUG] 2024-08-06 15:08:02,323 PackageRelationshipCollection.parseRelationshipsPart() - Parsing relationship: /_rels/.rels
rownumber 3
[DEBUG] 2024-08-06 15:08:02,339 PackageRelationshipCollection.parseRelationshipsPart() - Parsing relationship: /xl/_rels/workbook.xml.rels
[DEBUG] 2024-08-06 15:08:02,339 PackageRelationshipCollection.parseRelationshipsPart() - Parsing relationship: /xl/worksheets/_rels/sheet1.xml.rels
[DEBUG] 2024-08-06 15:08:02,339 PackageRelationshipCollection.parseRelationshipsPart() - Parsing relationship: /_rels/.rels
[DEBUG] 2024-08-06 15:08:02,354 PackageRelationshipCollection.parseRelationshipsPart() - Parsing relationship: /xl/_rels/workbook.xml.rels
[DEBUG] 2024-08-06 15:08:02,354 PackageRelationshipCollection.parseRelationshipsPart() - Parsing relationship: /xl/worksheets/_rels/sheet1.xml.rels
[DEBUG] 2024-08-06 15:08:02,354 PackageRelationshipCollection.parseRelationshipsPart() - Parsing relationship: /_rels/.rels
[DEBUG] 2024-08-06 15:08:02,370 PackageRelationshipCollection.parseRelationshipsPart() - Parsing relationship: /xl/_rels/workbook.xml.rels
[DEBUG] 2024-08-06 15:08:02,370 PackageRelationshipCollection.parseRelationshipsPart() - Parsing relationship: /xl/worksheets/_rels/sheet1.xml.rels
[DEBUG] 2024-08-06 15:08:02,370 PackageRelationshipCollection.parseRelationshipsPart() - Parsing relationship: /_rels/.rels
HTTP/1.1 200 OK
Date: Tue, 06 Aug 2024 09:38:03 GMT
Content-Type: application/json
Transfer-Encoding: chunked
Connection: keep-alive
Access-Control-Allow-Origin: *
Access-Control-Allow-Methods: GET, POST, DELETE, PUT
Access-Control-Allow-Headers: Content-Type, api_key, Authorization
Server: Jetty(9.2.9.v20150224)

{
    "code": 200,
    "type": "unknown",
    "message": "101"
}
]]></system-out>
  </testcase>
  <testcase name="testDeletePetById[102](2)" classname="api.test.PetDataDrivenTest" time="1.267">
    <system-out><![CDATA[HTTP/1.1 200 OK
Date: Tue, 06 Aug 2024 09:38:04 GMT
Content-Type: application/json
Transfer-Encoding: chunked
Connection: keep-alive
Access-Control-Allow-Origin: *
Access-Control-Allow-Methods: GET, POST, DELETE, PUT
Access-Control-Allow-Headers: Content-Type, api_key, Authorization
Server: Jetty(9.2.9.v20150224)

{
    "code": 200,
    "type": "unknown",
    "message": "102"
}
]]></system-out>
  </testcase>
  <testcase name="testDeletePetById[103](3)" classname="api.test.PetDataDrivenTest" time="1.281">
    <system-out><![CDATA[HTTP/1.1 200 OK
Date: Tue, 06 Aug 2024 09:38:06 GMT
Content-Type: application/json
Transfer-Encoding: chunked
Connection: keep-alive
Access-Control-Allow-Origin: *
Access-Control-Allow-Methods: GET, POST, DELETE, PUT
Access-Control-Allow-Headers: Content-Type, api_key, Authorization
Server: Jetty(9.2.9.v20150224)

{
    "code": 200,
    "type": "unknown",
    "message": "103"
}
]]></system-out>
  </testcase>
</testsuite>